2016-01-11T14:42:06 Checking update-file '/usr/share/apps/kconf_update/kcalcrc.upd' for new updates
2016-01-11T14:42:06 kcalcrc.upd: Found new update 'KDE_3_2_0'
2016-01-11T14:42:06 kcalcrc.upd: File 'kcalcrc' does not exist or empty, skipping
2016-01-11T14:42:06 kcalcrc.upd: Found new update 'KDE_4_3_0'
2016-01-11T14:42:06 kcalcrc.upd: File 'kcalcrc' does not exist or empty, skipping
2016-01-11T14:42:06 Checking update-file '/usr/share/apps/kconf_update/kwin_remove_effects.upd' for new updates
2016-01-11T14:42:06 kwin_remove_effects.upd: Found new update 'kwin4.7_effects'
2016-01-11T14:42:06 kwin_remove_effects.upd: File 'kwinrc' does not exist or empty, skipping
2016-01-11T14:42:06 Checking update-file '/usr/share/apps/kconf_update/klickety.upd' for new updates
2016-01-11T14:42:06 klickety.upd: Found new update 'klickety-2.0-inherit-ksame-highscore'
2016-01-11T14:42:06 klickety.upd: File 'ksamerc' does not exist or empty, skipping
2016-01-11T14:42:06 Checking update-file '/usr/share/apps/kconf_update/devicepreference.upd' for new updates
2016-01-11T14:42:06 devicepreference.upd: Found new update 'DevicesMovedToPlatformPlugin'
2016-01-11T14:42:06 devicepreference.upd: Running script 'phonon_devicepreference_update'
2016-01-11T14:42:06 devicepreference.upd: Found new update 'DevicesUIDsChanged'
2016-01-11T14:42:06 devicepreference.upd: Running script 'phonon_deviceuids_update'
2016-01-11T14:42:06 Checking update-file '/usr/share/apps/kconf_update/kopete-gaim_to_pidgin_style.upd' for new updates
2016-01-11T14:42:06 kopete-gaim_to_pidgin_style.upd: Found new update 'kopete0.70.85/r1'
2016-01-11T14:42:06 kopete-gaim_to_pidgin_style.upd: Running script 'kopete-gaim_to_pidgin_style.pl'
2016-01-11T14:42:06 Checking update-file '/usr/share/apps/kconf_update/mailtransports.upd' for new updates
2016-01-11T14:42:06 mailtransports.upd: Found new update 'initial-kmail-migration'
2016-01-11T14:42:06 mailtransports.upd: File 'kmailrc' does not exist or empty, skipping
2016-01-11T14:42:06 mailtransports.upd: Found new update 'initial-knode-migration'
2016-01-11T14:42:06 mailtransports.upd: File 'knoderc' does not exist or empty, skipping
2016-01-11T14:42:06 Checking update-file '/usr/share/apps/kconf_update/kopete-initialstatus.upd' for new updates
2016-01-11T14:42:06 kopete-initialstatus.upd: Found new update 'kopete0.60.80/r1'
2016-01-11T14:42:06 kopete-initialstatus.upd: Running script 'kopete-initialstatus.pl'
2016-01-11T14:42:06 kopete-initialstatus.upd: Script removes kopeterc:Behavior:autoConnect
2016-01-11T14:42:06 Checking update-file '/usr/share/apps/kconf_update/kget.upd' for new updates
2016-01-11T14:42:06 kget.upd: Found new update '2.8.0'
2016-01-11T14:42:06 kget.upd: File 'kgetrc' does not exist or empty, skipping
2016-01-11T14:42:06 kget.upd: Found new update '2.8.0/multiseg'
2016-01-11T14:42:06 kget.upd: File 'kget_multisegkiofactory.rc' does not exist or empty, skipping
2016-01-11T14:42:06 kget.upd: Found new update '2.8.0/sensitive'
2016-01-11T14:42:06 kget.upd: File 'kgetrc' does not exist or empty, skipping
2016-01-11T14:42:06 kget.upd: Found new update '2.8.0/limitdownloads'
2016-01-11T14:42:06 kget.upd: File 'kgetrc' does not exist or empty, skipping
2016-01-11T14:42:06 Checking update-file '/usr/share/apps/kconf_update/kopete-jabberpriorityaddition-kconf_update.upd' for new updates
2016-01-11T14:42:06 kopete-jabberpriorityaddition-kconf_update.upd: Found new update 'kopete0.9/r1'
2016-01-11T14:42:06 kopete-jabberpriorityaddition-kconf_update.upd: Running script 'kopete-jabberpriorityaddition-kconf_update.sh'
2016-01-11T14:42:06 Checking update-file '/usr/share/apps/kconf_update/krdb_libpathwipe.upd' for new updates
2016-01-11T14:42:06 krdb_libpathwipe.upd: Found new update 'LibraryPathWipeOut'
2016-01-11T14:42:06 krdb_libpathwipe.upd: Running script 'krdb_clearlibrarypath'
2016-01-11T14:42:06 Checking update-file '/usr/share/apps/kconf_update/mailfilteragent.upd' for new updates
2016-01-11T14:42:06 mailfilteragent.upd: Found new update 'initial-mailfilteragent-migration'
2016-01-11T14:42:06 mailfilteragent.upd: File 'kmail2rc' does not exist or empty, skipping
2016-01-11T14:42:06 Checking update-file '/usr/share/apps/kconf_update/kalarm.upd' for new updates
2016-01-11T14:42:06 kalarm.upd: Found new update '1.9.5'
2016-01-11T14:42:06 kalarm.upd: File 'kalarmrc' does not exist or empty, skipping
2016-01-11T14:42:06 kalarm.upd: Found new update '1.9.9'
2016-01-11T14:42:06 kalarm.upd: File 'kalarmrc' does not exist or empty, skipping
2016-01-11T14:42:06 kalarm.upd: Found new update '1.9.12'
2016-01-11T14:42:06 kalarm.upd: File 'kalarmrc' does not exist or empty, skipping
2016-01-11T14:42:06 kalarm.upd: Found new update '2.0.0'
2016-01-11T14:42:06 kalarm.upd: File 'kalarmrc' does not exist or empty, skipping
2016-01-11T14:42:06 kalarm.upd: Found new update '2.0.2'
2016-01-11T14:42:06 kalarm.upd: File 'kalarmrc' does not exist or empty, skipping
2016-01-11T14:42:06 kalarm.upd: Found new update '2.1.5'
2016-01-11T14:42:06 kalarm.upd: File 'kalarmrc' does not exist or empty, skipping
2016-01-11T14:42:06 kalarm.upd: Found new update '2.3.2'
2016-01-11T14:42:06 kalarm.upd: File 'kalarmrc' does not exist or empty, skipping
2016-01-11T14:42:06 Checking update-file '/usr/share/apps/kconf_update/kopete-pluginloader2.upd' for new updates
2016-01-11T14:42:06 kopete-pluginloader2.upd: Found new update 'kopete0.8/r1'
2016-01-11T14:42:06 kopete-pluginloader2.upd: Running script 'kopete-pluginloader2.sh'
2016-01-11T14:42:06 [Script] /usr/share/apps/kconf_update/kopete-pluginloader2.sh: line 9: kde-config: command not found
2016-01-11T14:42:06 Checking update-file '/usr/share/apps/kconf_update/kopete-update_yahoo_server.upd' for new updates
2016-01-11T14:42:06 kopete-update_yahoo_server.upd: Found new update 'kopete-update-yahoo-server/r1'
2016-01-11T14:42:06 kopete-update_yahoo_server.upd: Running script 'kopete-update_yahoo_server.pl'
2016-01-11T14:42:06 Checking update-file '/usr/share/apps/kconf_update/kio_help.upd' for new updates
2016-01-11T14:42:06 kio_help.upd: Found new update 'kde3_2'
2016-01-11T14:42:06 kio_help.upd: Running script 'move_kio_help_cache.sh'
2016-01-11T14:42:06 [Script] mv: cannot stat '/home/ws/.kde/share/apps/kio_help/cache': No such file or directory
2016-01-11T14:42:06 [Script] rmdir: failed to remove '/home/ws/.kde/share/apps/kio_help': No such file or directory
2016-01-11T14:42:06 Checking update-file '/usr/share/apps/kconf_update/plasma-add-shortcut-to-menu.upd' for new updates
2016-01-11T14:42:06 plasma-add-shortcut-to-menu.upd: Found new update '4.1LauncherShortcut'
2016-01-11T14:42:06 plasma-add-shortcut-to-menu.upd:2:'Script=plasma-add-shortcut-to-menu-update': Script 'plasma-add-shortcut-to-menu-update' not found
2016-01-11T14:42:06 Checking update-file '/usr/share/apps/kconf_update/kopete-account-kconf_update.upd' for new updates
2016-01-11T14:42:06 kopete-account-kconf_update.upd: Found new update 'kopete0.7/r1'
2016-01-11T14:42:06 kopete-account-kconf_update.upd: Running script 'kopete-account-kconf_update.sh'
2016-01-11T14:42:06 [Script] /usr/share/apps/kconf_update/kopete-account-kconf_update.sh: line 9: kde-config: command not found
2016-01-11T14:42:06 kopete-account-kconf_update.upd: Found new update 'kopete0.10/r1'
2016-01-11T14:42:06 kopete-account-kconf_update.upd: Running script 'kopete-account-0.10.pl'
2016-01-11T14:42:06 Checking update-file '/usr/share/apps/kconf_update/kmail.upd' for new updates
2016-01-11T14:42:06 kmail.upd: Found new update '1'
2016-01-11T14:42:06 kmail.upd: File 'kmail2rc' does not exist or empty, skipping
2016-01-11T14:42:06 kmail.upd: Found new update '4'
2016-01-11T14:42:06 kmail.upd: File 'kmail2rc' does not exist or empty, skipping
2016-01-11T14:42:06 kmail.upd: Found new update '5'
2016-01-11T14:42:06 kmail.upd: File 'kmail2rc' does not exist or empty, skipping
2016-01-11T14:42:06 kmail.upd: File 'kpgprc' does not exist or empty, skipping
2016-01-11T14:42:06 kmail.upd: Found new update '6'
2016-01-11T14:42:06 kmail.upd: File 'kmail2rc' does not exist or empty, skipping
2016-01-11T14:42:06 kmail.upd: Found new update '7'
2016-01-11T14:42:06 kmail.upd: File 'kmail2rc' does not exist or empty, skipping
2016-01-11T14:42:06 kmail.upd: Found new update '8'
2016-01-11T14:42:06 kmail.upd: File 'kmail2rc' does not exist or empty, skipping
2016-01-11T14:42:06 kmail.upd: Found new update '9'
2016-01-11T14:42:06 kmail.upd: File 'kmail2rc' does not exist or empty, skipping
2016-01-11T14:42:06 kmail.upd: Found new update '3.1-update-identities'
2016-01-11T14:42:06 kmail.upd: File 'kmail2rc' does not exist or empty, skipping
2016-01-11T14:42:06 kmail.upd: Found new update '3.1-use-identity-uoids'
2016-01-11T14:42:06 kmail.upd: File 'kmail2rc' does not exist or empty, skipping
2016-01-11T14:42:06 kmail.upd: Found new update '3.1-new-mail-notification'
2016-01-11T14:42:06 kmail.upd: File 'kmail2rc' does not exist or empty, skipping
2016-01-11T14:42:06 kmail.upd: Found new update '3.2-update-loop-on-goto-unread-settings'
2016-01-11T14:42:06 kmail.upd: File 'kmail2rc' does not exist or empty, skipping
2016-01-11T14:42:06 kmail.upd: Found new update '3.1.4-dont-use-UOID-0-for-any-identity'
2016-01-11T14:42:06 kmail.upd: File 'kmail2rc' does not exist or empty, skipping
2016-01-11T14:42:06 kmail.upd: Found new update '3.2-misc'
2016-01-11T14:42:06 kmail.upd: File 'kmail2rc' does not exist or empty, skipping
2016-01-11T14:42:06 kmail.upd: Found new update '3.2-moves'
2016-01-11T14:42:06 kmail.upd: File 'kmail2rc' does not exist or empty, skipping
2016-01-11T14:42:06 kmail.upd: Found new update '3.3-use-ID-for-accounts'
2016-01-11T14:42:06 kmail.upd: File 'kmail2rc' does not exist or empty, skipping
2016-01-11T14:42:06 kmail.upd: Found new update '3.3-update-filter-rules'
2016-01-11T14:42:06 kmail.upd: File 'kmail2rc' does not exist or empty, skipping
2016-01-11T14:42:06 kmail.upd: Found new update '3.3-move-identities-to-own-file'
2016-01-11T14:42:06 kmail.upd: File 'kmail2rc' does not exist or empty, skipping
2016-01-11T14:42:06 kmail.upd: Found new update '3.3-aegypten-kpgprc-to-kmailrc'
2016-01-11T14:42:06 kmail.upd: File 'kpgprc' does not exist or empty, skipping
2016-01-11T14:42:06 kmail.upd: Found new update '3.3-aegypten-kpgprc-to-libkleopatrarc'
2016-01-11T14:42:06 kmail.upd: File 'kpgprc' does not exist or empty, skipping
2016-01-11T14:42:06 kmail.upd: Found new update '3.3-aegypten-emailidentities-split-sign-encr-keys'
2016-01-11T14:42:06 kmail.upd: File 'emailidentities' does not exist or empty, skipping
2016-01-11T14:42:06 kmail.upd: Found new update '3.3-misc'
2016-01-11T14:42:06 kmail.upd: File 'kmail2rc' does not exist or empty, skipping
2016-01-11T14:42:06 kmail.upd: Found new update '3.3b1-misc'
2016-01-11T14:42:06 kmail.upd: File 'kmail2rc' does not exist or empty, skipping
2016-01-11T14:42:06 kmail.upd: Found new update '3.4'
2016-01-11T14:42:06 kmail.upd: File 'kmail2rc' does not exist or empty, skipping
2016-01-11T14:42:06 kmail.upd: Found new update '3.4a'
2016-01-11T14:42:06 kmail.upd: File 'kmail2rc' does not exist or empty, skipping
2016-01-11T14:42:06 kmail.upd: Found new update '3.4b'
2016-01-11T14:42:06 kmail.upd: File 'kmail2rc' does not exist or empty, skipping
2016-01-11T14:42:06 kmail.upd: Found new update '3.4.1'
2016-01-11T14:42:06 kmail.upd: File 'kmail2rc' does not exist or empty, skipping
2016-01-11T14:42:06 kmail.upd: Found new update '3.5.4'
2016-01-11T14:42:06 kmail.upd: File 'kmail2rc' does not exist or empty, skipping
2016-01-11T14:42:06 kmail.upd: Found new update '3.5.7-imap-flag-migration'
2016-01-11T14:42:06 kmail.upd: File 'kmail2rc' does not exist or empty, skipping
2016-01-11T14:42:06 kmail.upd: Found new update '4.0-misc'
2016-01-11T14:42:06 kmail.upd: File 'kmail2rc' does not exist or empty, skipping
2016-01-11T14:42:06 kmail.upd: Found new update '4.2'
2016-01-11T14:42:06 kmail.upd: File 'kmail2rc' does not exist or empty, skipping
2016-01-11T14:42:06 kmail.upd: Found new update '4.4-akonadi'
2016-01-11T14:42:06 kmail.upd: File 'kmail2rc' does not exist or empty, skipping
2016-01-11T14:42:06 Checking update-file '/usr/share/apps/kconf_update/plasma-to-plasmadesktop-shortcuts.upd' for new updates
2016-01-11T14:42:06 plasma-to-plasmadesktop-shortcuts.upd: Found new update '4.3plasma-desktop-shortcuts'
2016-01-11T14:42:06 plasma-to-plasmadesktop-shortcuts.upd: File 'kglobalshortcutsrc' does not exist or empty, skipping
2016-01-11T14:42:06 Checking update-file '/usr/share/apps/kconf_update/kwin_update_410.upd' for new updates
2016-01-11T14:42:06 kwin_update_410.upd: Found new update 'Kwin-4.10_1'
2016-01-11T14:42:06 kwin_update_410.upd: Running script 'kwin_update_settings_410'
2016-01-11T14:42:06 [Script] QDBusConnection: session D-Bus connection created before QCoreApplication. Application may misbehave.
2016-01-11T14:42:06 Checking update-file '/usr/share/apps/kconf_update/korganizer.upd' for new updates
2016-01-11T14:42:06 korganizer.upd: Found new update 'korganizer_3.4_GroupwareCleanup'
2016-01-11T14:42:06 korganizer.upd: File 'korganizerrc' does not exist or empty, skipping
2016-01-11T14:42:06 korganizer.upd: Found new update 'korganizer_3.4_WebExport'
2016-01-11T14:42:06 korganizer.upd: File 'korganizerrc' does not exist or empty, skipping
2016-01-11T14:42:06 korganizer.upd: Found new update 'korganizer_3.4_FilterAction'
2016-01-11T14:42:06 korganizer.upd: File 'korganizerrc' does not exist or empty, skipping
2016-01-11T14:42:06 korganizer.upd: Found new update 'korganizer_3.4_HolidayPlugin'
2016-01-11T14:42:06 korganizer.upd: File 'korganizerrc' does not exist or empty, skipping
2016-01-11T14:42:06 korganizer.upd: Found new update 'korganizer_4.3_ShowTodos'
2016-01-11T14:42:06 korganizer.upd: File 'korganizerrc' does not exist or empty, skipping
2016-01-11T14:42:06 korganizer.upd: Found new update 'korganizer_4.4_MoveFreeBusy'
2016-01-11T14:42:06 korganizer.upd: File 'korganizerrc' does not exist or empty, skipping
2016-01-11T14:42:06 Checking update-file '/usr/share/apps/kconf_update/ksmserver_shortcuts.upd' for new updates
2016-01-11T14:42:06 ksmserver_shortcuts.upd: Found new update 'kde4.10'
2016-01-11T14:42:06 ksmserver_shortcuts.upd: File 'kglobalshortcutsrc' does not exist or empty, skipping
2016-01-11T14:42:06 ksmserver_shortcuts.upd: Found new update 'kde4.10-remove-group-kscreenlocker'
2016-01-11T14:42:06 ksmserver_shortcuts.upd: File 'kglobalshortcutsrc' does not exist or empty, skipping
2016-01-11T14:42:06 Checking update-file '/usr/share/apps/kconf_update/kopete-jabberproxytype-kconf_update.upd' for new updates
2016-01-11T14:42:06 kopete-jabberproxytype-kconf_update.upd: Found new update 'kopete0.9/r1'
2016-01-11T14:42:06 kopete-jabberproxytype-kconf_update.upd: Running script 'kopete-jabberproxytype-kconf_update.sh'
2016-01-11T14:42:06 Checking update-file '/usr/share/apps/kconf_update/kscreenlocker_locksession-shortcut.upd' for new updates
2016-01-11T14:42:06 kscreenlocker_locksession-shortcut.upd: Found new update '4.9-locksession-shortcut'
2016-01-11T14:42:06 kscreenlocker_locksession-shortcut.upd: File 'kglobalshortcutsrc' does not exist or empty, skipping
2016-01-11T14:42:06 Checking update-file '/usr/share/apps/kconf_update/kaudiocreator-libkcddb.upd' for new updates
2016-01-11T14:42:06 kaudiocreator-libkcddb.upd: Found new update 'kaudiocreator-libkcddb'
2016-01-11T14:42:06 kaudiocreator-libkcddb.upd: File 'kaudiocreatorrc' does not exist or empty, skipping
2016-01-11T14:42:06 Checking update-file '/usr/share/apps/kconf_update/kcookiescfg.upd' for new updates
2016-01-11T14:42:06 kcookiescfg.upd: Found new update 'kde2.2/b1'
2016-01-11T14:42:06 kcookiescfg.upd: File 'kcookiejarrc' does not exist or empty, skipping
2016-01-11T14:42:06 kcookiescfg.upd: Found new update 'kde3.1/cvs'
2016-01-11T14:42:06 kcookiescfg.upd: File 'kcookiejarrc' does not exist or empty, skipping
2016-01-11T14:42:06 kcookiescfg.upd: Found new update 'kde4.10/git'
2016-01-11T14:42:06 kcookiescfg.upd: File 'kcookiejarrc' does not exist or empty, skipping
2016-01-11T14:42:06 Checking update-file '/usr/share/apps/kconf_update/kate-2.4.upd' for new updates
2016-01-11T14:42:06 kate-2.4.upd: Found new update 'kate2.4'
2016-01-11T14:42:06 Checking update-file '/usr/share/apps/kconf_update/plasmarc-to-plasmadesktoprc.upd' for new updates
2016-01-11T14:42:06 plasmarc-to-plasmadesktoprc.upd: Found new update '4.3plasma-desktop'
2016-01-11T14:42:06 plasmarc-to-plasmadesktoprc.upd: Running script 'plasma-to-plasma-desktop'
2016-01-11T14:42:06 Checking update-file '/usr/share/apps/kconf_update/kgthemeprovider-migration.upd' for new updates
2016-01-11T14:42:06 kgthemeprovider-migration.upd: Found new update 'bomber'
2016-01-11T14:42:06 kgthemeprovider-migration.upd: File 'bomberrc' does not exist or empty, skipping
2016-01-11T14:42:06 kgthemeprovider-migration.upd: Found new update 'granatier'
2016-01-11T14:42:06 kgthemeprovider-migration.upd: File 'granatierrc' does not exist or empty, skipping
2016-01-11T14:42:06 kgthemeprovider-migration.upd: Found new update 'kbounce'
2016-01-11T14:42:06 kgthemeprovider-migration.upd: File 'kbouncerc' does not exist or empty, skipping
2016-01-11T14:42:06 kgthemeprovider-migration.upd: Found new update 'kbreakout'
2016-01-11T14:42:06 kgthemeprovider-migration.upd: File 'kbreakoutrc' does not exist or empty, skipping
2016-01-11T14:42:06 kgthemeprovider-migration.upd: Found new update 'kdiamond'
2016-01-11T14:42:06 kgthemeprovider-migration.upd: File 'kdiamondrc' does not exist or empty, skipping
2016-01-11T14:42:06 kgthemeprovider-migration.upd: Found new update 'killbots'
2016-01-11T14:42:06 kgthemeprovider-migration.upd: File 'killbotsrc' does not exist or empty, skipping
2016-01-11T14:42:06 kgthemeprovider-migration.upd: Found new update 'klickety'
2016-01-11T14:42:06 kgthemeprovider-migration.upd: File 'klickety' does not exist or empty, skipping
2016-01-11T14:42:06 kgthemeprovider-migration.upd: Found new update 'klines'
2016-01-11T14:42:06 kgthemeprovider-migration.upd: File 'klines' does not exist or empty, skipping
2016-01-11T14:42:06 kgthemeprovider-migration.upd: Found new update 'kmines'
2016-01-11T14:42:06 kgthemeprovider-migration.upd: File 'kmines' does not exist or empty, skipping
2016-01-11T14:42:06 kgthemeprovider-migration.upd: Found new update 'knetwalk'
2016-01-11T14:42:06 kgthemeprovider-migration.upd: File 'knetwalk' does not exist or empty, skipping
2016-01-11T14:42:06 kgthemeprovider-migration.upd: Found new update 'kpat'
2016-01-11T14:42:06 kgthemeprovider-migration.upd: File 'kpat' does not exist or empty, skipping
2016-01-11T14:42:06 Checking update-file '/usr/share/apps/kconf_update/kpgp.upd' for new updates
2016-01-11T14:42:06 kpgp.upd: Found new update 'preKDE3_a'
2016-01-11T14:42:06 kpgp.upd: File 'kpgprc' does not exist or empty, skipping
2016-01-11T14:42:06 kpgp.upd: Found new update '3.1-1'
2016-01-11T14:42:06 kpgp.upd: File 'kpgprc' does not exist or empty, skipping
2016-01-11T14:42:06 Checking update-file '/usr/share/apps/kconf_update/kded.upd' for new updates
2016-01-11T14:42:06 kded.upd: Found new update 'kde3.0'
2016-01-11T14:42:06 kded.upd: File 'kdedrc' does not exist or empty, skipping
2016-01-11T14:42:06 Checking update-file '/usr/share/apps/kconf_update/katomic-levelset.upd' for new updates
2016-01-11T14:42:06 katomic-levelset.upd: Found new update 'katomic_levelset_config_update'
2016-01-11T14:42:06 katomic-levelset.upd: File 'katomicrc' does not exist or empty, skipping
2016-01-11T14:42:06 Checking update-file '/usr/share/apps/kconf_update/kopete-pluginloader.upd' for new updates
2016-01-11T14:42:06 kopete-pluginloader.upd: Found new update 'kopete0.7/r1'
2016-01-11T14:42:06 kopete-pluginloader.upd: Running script 'kopete-pluginloader.pl'
2016-01-11T14:42:06 kopete-pluginloader.upd: Script removes kopeterc::Modules
2016-01-11T14:42:06 Checking update-file '/usr/share/apps/kconf_update/kwin_fsp_workarounds_1.upd' for new updates
2016-01-11T14:42:06 kwin_fsp_workarounds_1.upd: Found new update 'kde351'
2016-01-11T14:42:06 kwin_fsp_workarounds_1.upd: Running script 'kwin_update_default_rules' with arguments 'fsp_workarounds_1.kwinrules'
2016-01-11T14:42:06 [Script] QDBusConnection: session D-Bus connection created before QCoreApplication. Application may misbehave.
2016-01-11T14:42:06 Checking update-file '/usr/share/apps/kconf_update/klipper-kconfigxt.upd' for new updates
2016-01-11T14:42:06 klipper-kconfigxt.upd: Found new update 'KlipperNoSpacesInKeyNames'
2016-01-11T14:42:06 klipper-kconfigxt.upd: File 'klipperrc' does not exist or empty, skipping
2016-01-11T14:42:06 Checking update-file '/usr/share/apps/kconf_update/kuriikwsfilter.upd' for new updates
2016-01-11T14:42:06 kuriikwsfilter.upd: Found new update 'post-kde3.1/cvs'
2016-01-11T14:42:06 kuriikwsfilter.upd: File 'kuriikwsfilterrc' does not exist or empty, skipping
2016-01-11T14:42:06 kuriikwsfilter.upd: Found new update 'pre-kde4.9'
2016-01-11T14:42:06 kuriikwsfilter.upd: File 'kuriikwsfilterrc' does not exist or empty, skipping
2016-01-11T14:42:06 Checking update-file '/usr/share/apps/kconf_update/knode.upd' for new updates
2016-01-11T14:42:06 knode.upd: Found new update '001'
2016-01-11T14:42:06 knode.upd: File 'knoderc' does not exist or empty, skipping
2016-01-11T14:42:06 Checking update-file '/usr/share/apps/kconf_update/konsole.upd' for new updates
2016-01-11T14:42:06 konsole.upd: Found new update '2.9.0-global-options'
2016-01-11T14:42:06 konsole.upd: File 'konsolerc' does not exist or empty, skipping
2016-01-11T14:42:06 konsole.upd: Found new update '2.9.0-colorscheme-bold-key'
2016-01-11T14:42:06 konsole.upd: Running script 'konsole-2.9.0-colorscheme-bold-key.sh'
2016-01-11T14:42:06 konsole.upd: Found new update '2.10.0-remove-menuindex-from-profiles'
2016-01-11T14:42:06 konsole.upd: Running script 'konsole-2.10.0-remove-menuindex-from-profiles.sh'
2016-01-11T14:42:06 Checking update-file '/usr/share/apps/kconf_update/kwin_remove_delay_focus.upd' for new updates
2016-01-11T14:42:06 kwin_remove_delay_focus.upd: Found new update 'Kwin-4.8'
2016-01-11T14:42:06 kwin_remove_delay_focus.upd: Running script 'kwin_remove_delay_focus.sh'
2016-01-11T14:42:06 Checking update-file '/usr/share/apps/kconf_update/okular.upd' for new updates
2016-01-11T14:42:06 okular.upd: Found new update 'sep_settings'
2016-01-11T14:42:06 okular.upd: File 'okularpartrc' does not exist or empty, skipping
2016-01-11T14:42:06 Checking update-file '/usr/share/apps/kconf_update/kwin_update_tabbox_qml_settings.upd' for new updates
2016-01-11T14:42:06 kwin_update_tabbox_qml_settings.upd: Found new update 'Kwin-4.8'
2016-01-11T14:42:06 kwin_update_tabbox_qml_settings.upd: Running script 'kwin_update_tabbox_qml_settings'
2016-01-11T14:42:06 [Script] QDBusConnection: session D-Bus connection created before QCoreApplication. Application may misbehave.
2016-01-11T14:42:06 Checking update-file '/usr/share/apps/kconf_update/kwin_update_49.upd' for new updates
2016-01-11T14:42:06 kwin_update_49.upd: Found new update 'Kwin-4.9'
2016-01-11T14:42:06 kwin_update_49.upd: Running script 'kwin_update_settings_49'
2016-01-11T14:42:06 [Script] QDBusConnection: session D-Bus connection created before QCoreApplication. Application may misbehave.
2016-01-11T14:42:06 Checking update-file '/usr/share/apps/kconf_update/ksslcertificatemanager.upd' for new updates
2016-01-11T14:42:06 ksslcertificatemanager.upd: Found new update 'kde4.2'
2016-01-11T14:42:06 ksslcertificatemanager.upd: Running script 'ksslcertificatemanager.upd.sh'
2016-01-11T14:42:06 [Script] rm: cannot remove '/home/ws/.kde//share/config/ksslcertificatemanager': No such file or directory
2016-01-11T14:42:06 ksslcertificatemanager.upd: !! An error occurred while running 'sh /usr/share/apps/kconf_update/ksslcertificatemanager.upd.sh'
2016-01-11T14:42:06 Checking update-file '/usr/share/apps/kconf_update/notifications-to-orgkdenotifications.upd' for new updates
2016-01-11T14:42:06 notifications-to-orgkdenotifications.upd: Found new update '4.10QmlNotifications'
2016-01-11T14:42:06 notifications-to-orgkdenotifications.upd: Running script 'notifications-to-orgkdenotifications'
2016-01-11T14:42:06 Checking update-file '/usr/share/apps/kconf_update/amarok.upd' for new updates
2016-01-11T14:42:06 amarok.upd: Found new update '1'
2016-01-11T14:42:06 amarok.upd: File 'amarokrc' does not exist or empty, skipping
2016-01-11T14:42:06 Checking update-file '/usr/share/apps/kconf_update/kaudiocreator-meta.upd' for new updates
2016-01-11T14:42:06 kaudiocreator-meta.upd: Found new update '3'
2016-01-11T14:42:06 kaudiocreator-meta.upd: File 'kaudiocreatorrc' does not exist or empty, skipping
2016-01-11T14:42:06 Checking update-file '/usr/share/apps/kconf_update/kwin_update_tabbox_settings.upd' for new updates
2016-01-11T14:42:06 kwin_update_tabbox_settings.upd: Found new update 'Kwin-4.4'
2016-01-11T14:42:06 kwin_update_tabbox_settings.upd: Running script 'kwin_update_tabbox_settings'
2016-01-11T14:42:06 [Script] QDBusConnection: session D-Bus connection created before QCoreApplication. Application may misbehave.
2016-01-11T14:42:06 Checking update-file '/usr/share/apps/kconf_update/kopete-update_icq_server.upd' for new updates
2016-01-11T14:42:06 kopete-update_icq_server.upd: Found new update 'kopete-update-icq-server/r1'
2016-01-11T14:42:06 kopete-update_icq_server.upd: Running script 'kopete-update_icq_server.pl'
2016-01-11T14:42:06 Checking update-file '/usr/share/apps/kconf_update/kopete-nameTracking.upd' for new updates
2016-01-11T14:42:06 kopete-nameTracking.upd: Found new update 'kopete0.9/r1'
2016-01-11T14:42:06 kopete-nameTracking.upd:3:'Script=kopete-nameTracking-kconf_update': Script 'kopete-nameTracking-kconf_update' not found
2016-01-11T14:42:06 Checking update-file '/usr/share/apps/kconf_update/kioslave.upd' for new updates
2016-01-11T14:42:06 kioslave.upd: Found new update 'kde2.2/r1'
2016-01-11T14:42:06 kioslave.upd: File 'kioslaverc' does not exist or empty, skipping
2016-01-11T14:42:06 kioslave.upd: Skipping update 'kde2.2/r1'
2016-01-11T14:42:06 kioslave.upd: File 'kioslaverc' does not exist or empty, skipping
2016-01-11T14:42:06 kioslave.upd: Found new update 'kde2.2/r2'
2016-01-11T14:42:06 kioslave.upd: File 'kioslaverc' does not exist or empty, skipping
2016-01-11T14:42:06 kioslave.upd: Found new update 'kde2.2/r3'
2016-01-11T14:42:06 kioslave.upd: File 'kioslaverc' does not exist or empty, skipping
